<?xml version="1.0" encoding="UTF-8"?>
<!-- Generated by org.testng.reporters.JUnitReportReporter -->
<testsuite hostname="LAPTOP-3BML8FHO" failures="0" tests="1" name="Test.Swag_Labs_Testing" time="7.130" errors="0" timestamp="2024-11-25T15:12:47 IST" skipped="0">
  <testcase classname="Test.Swag_Labs_Testing" name="verify_logo" time="7.130"/>
</testsuite> <!-- Test.Swag_Labs_Testing -->
