<?xml version="1.0" encoding="UTF-8"?>
<!-- Generated by org.testng.reporters.JUnitReportReporter -->
<testsuite hostname="LAPTOP-3BML8FHO" failures="0" tests="1" name="Login_FB.FacebookLogin" time="12.579" errors="0" timestamp="2024-11-22T20:16:21 IST" skipped="0">
  <testcase classname="Login_FB.FacebookLogin" name="name" time="12.579"/>
</testsuite> <!-- Login_FB.FacebookLogin -->
